<?xml version="1.0" encoding="UTF-8"?>
<!-- Generated by org.testng.reporters.JUnitXMLReporter -->
<testsuite ignored="2" hostname="DESKTOP-6MP05UP" failures="1" tests="1" name="Surefire test" time="21.829" errors="0" timestamp="06 авг. 2020 18:19:14 GMT">
  <testcase classname="Tests.UserTests" name="requestCreationAndApprovalTest" time="11.396">
    <failure type="com.codeborne.selenide.ex.ElementNotFound" message="Element not found {By.xpath: //button[text()=&amp;apos;___Compliance&amp;apos;]}
Expected: visible or transparent: visible or have css value opacity=0
Screenshot: file:/B:/Projects/HLDNATesting/build/reports/tests/1596737953354.0.png
Page source: file:/B:/Projects/HLDNATesting/build/reports/tests/1596737953354.0.html
Timeout: 8 s.
Caused by: NoSuchElementException: no such element: Unable to locate element: {&amp;quot;method&amp;quot;:&amp;quot;xpath&amp;quot;,&amp;quot;selector&amp;quot;:&amp;quot;//button[text()=&amp;apos;___Compliance&amp;apos;]&amp;quot;}">
      <![CDATA[Element not found {By.xpath: //button[text()='___Compliance']}
Expected: visible or transparent: visible or have css value opacity=0
Screenshot: file:/B:/Projects/HLDNATesting/build/reports/tests/1596737953354.0.png
Page source: file:/B:/Projects/HLDNATesting/build/reports/tests/1596737953354.0.html
Timeout: 8 s.
Caused by: NoSuchElementException: no such element: Unable to locate element: {"method":"xpath","selector":"//button[text()='___Compliance']"}
at com.codeborne.selenide.impl.WebElementSource.createElementNotFoundError(WebElementSource.java:56)
at com.codeborne.selenide.impl.ElementFinder.createElementNotFoundError(ElementFinder.java:133)
at com.codeborne.selenide.impl.WebElementSource.checkCondition(WebElementSource.java:87)
at com.codeborne.selenide.impl.WebElementSource.findAndAssertElementIsInteractable(WebElementSource.java:112)
at com.codeborne.selenide.commands.Click.execute(Click.java:20)
at com.codeborne.selenide.commands.Click.execute(Click.java:14)
at com.codeborne.selenide.commands.Commands.execute(Commands.java:152)
at com.codeborne.selenide.impl.SelenideElementProxy.dispatchAndRetry(SelenideElementProxy.java:104)
at com.codeborne.selenide.impl.SelenideElementProxy.invoke(SelenideElementProxy.java:70)
at com.sun.proxy.$Proxy19.click(Unknown Source)
at Pages.BasePage.pressComplianceButton(BasePage.java:14)
at Steps.BaseStep.goToRequestListPage(BaseStep.java:23)
at Tests.UserTests.requestCreationAndApprovalTest(UserTests.java:97)
Caused by: org.openqa.selenium.NoSuchElementException: no such element: Unable to locate element: {"method":"xpath","selector":"//button[text()='___Compliance']"}
  (Session info: chrome=84.0.4147.105)
For documentation on this error, please visit: https://www.seleniumhq.org/exceptions/no_such_element.html
Build info: version: '3.141.59', revision: 'e82be7d358', time: '2018-11-14T08:17:03'
System info: host: 'DESKTOP-6MP05UP', ip: '192.168.40.1', os.name: 'Windows 10', os.arch: 'amd64', os.version: '10.0', java.version: '13.0.2'
Driver info: org.openqa.selenium.chrome.ChromeDriver
Capabilities {acceptInsecureCerts: true, browserName: chrome, browserVersion: 84.0.4147.105, chrome: {chromedriverVersion: 84.0.4147.30 (48b3e868b4cc0..., userDataDir: C:\Users\korne\AppData\Loca...}, goog:chromeOptions: {debuggerAddress: localhost:52933}, javascriptEnabled: true, networkConnectionEnabled: false, pageLoadStrategy: normal, platform: WINDOWS, platformName: WINDOWS, proxy: Proxy(), setWindowRect: true, strictFileInteractability: false, timeouts: {implicit: 0, pageLoad: 300000, script: 30000}, unhandledPromptBehavior: dismiss and notify, webauthn:virtualAuthenticators: true}
Session ID: 2a671ef8ef80a9caece40b83b73bd105
*** Element info: {Using=xpath, value=//button[text()='___Compliance']}
at org.openqa.selenium.remote.http.W3CHttpResponseCodec.createException(W3CHttpResponseCodec.java:187)
at org.openqa.selenium.remote.http.W3CHttpResponseCodec.decode(W3CHttpResponseCodec.java:122)
at org.openqa.selenium.remote.http.W3CHttpResponseCodec.decode(W3CHttpResponseCodec.java:49)
at org.openqa.selenium.remote.HttpCommandExecutor.execute(HttpCommandExecutor.java:158)
at org.openqa.selenium.remote.service.DriverCommandExecutor.execute(DriverCommandExecutor.java:83)
at org.openqa.selenium.remote.RemoteWebDriver.execute(RemoteWebDriver.java:552)
at org.openqa.selenium.remote.RemoteWebDriver.findElement(RemoteWebDriver.java:323)
at org.openqa.selenium.remote.RemoteWebDriver.findElementByXPath(RemoteWebDriver.java:428)
at org.openqa.selenium.By$ByXPath.findElement(By.java:353)
at org.openqa.selenium.remote.RemoteWebDriver.findElement(RemoteWebDriver.java:315)
at com.codeborne.selenide.impl.WebElementSelector.findElement(WebElementSelector.java:65)
at com.codeborne.selenide.impl.WebElementSelector.findElement(WebElementSelector.java:40)
at com.codeborne.selenide.impl.ElementFinder.getWebElement(ElementFinder.java:101)
at com.codeborne.selenide.impl.WebElementSource.checkCondition(WebElementSource.java:72)
... 39 more
... Removed 33 stack frames]]>
    </failure>
  </testcase> <!-- requestCreationAndApprovalTest -->
  <testcase classname="Tests.PagesTests" name="pagesTest" time="0.0">
    <ignored/>
  </testcase> <!-- pagesTest -->
  <testcase classname="Tests.PagesTests" name="manyPagesTest" time="0.0">
    <ignored/>
  </testcase> <!-- manyPagesTest -->
</testsuite> <!-- Surefire test -->
